1734956374187	geckodriver	INFO	Listening on 127.0.0.1:54206
1734956377342	mozrunner::runner	INFO	Running command: "C:\\Program Files\\Mozilla Firefox\\firefox.exe" "--marionette" "--remote-debugging-port" "54207" "--remote-allow-hosts" "localhost" "-no-remote" "-profile" "C:\\Users\\TOLUNA~1\\AppData\\Local\\Temp\\rust_mozprofileeBn0OW"
console.warn: services.settings: Ignoring preference override of remote settings server
console.warn: services.settings: Allow by setting MOZ_REMOTE_SETTINGS_DEVTOOLS=1 in the environment
Dynamically enable window occlusion 0
1734956377859	Marionette	INFO	Marionette enabled
1734956378017	Marionette	INFO	Listening on port 54223
WebDriver BiDi listening on ws://127.0.0.1:54207
Read port: 54223
1734956378183	RemoteAgent	WARN	TLS certificate errors will be ignored for this session
DevTools listening on ws://127.0.0.1:54207/devtools/browser/8c80be59-e358-400f-a228-af4a0dcaea49
console.warn: LoginRecipes: "Falling back to a synchronous message for: https://dmate.dmate.it."
console.warn: LoginRecipes: "Falling back to a synchronous message for: https://dmate.dmate.it."
console.warn: LoginRecipes: "Falling back to a synchronous message for: https://dmate.dmate.it."
JavaScript error: resource://gre/actors/FormHandlerChild.sys.mjs, line 103: InvalidStateError: JSWindowActorChild.document getter: Cannot access property 'document' after actor 'FormHandler' has been destroyed
1734956388901	Marionette	INFO	Stopped listening on port 54223
JavaScript warning: https://cookie-cdn.cookiepro.com/scripttemplates/6.38.0/otBannerSdk.js, line 1: Script terminated by timeout at:
Gn.prototype.substitutePlainTextScriptTags@https://cookie-cdn.cookiepro.com/scripttemplates/6.38.0/otBannerSdk.js:1:162399
Or.prototype.windowLoadBanner/</<@https://cookie-cdn.cookiepro.com/scripttemplates/6.38.0/otBannerSdk.js:1:351730
C/t/</<@https://cookie-cdn.cookiepro.com/scripttemplates/6.38.0/otBannerSdk.js:1:1630
C/t/<@https://cookie-cdn.cookiepro.com/scripttemplates/6.38.0/otBannerSdk.js:1:1735
c/<@https://cookie-cdn.cookiepro.com/scripttemplates/6.38.0/otBannerSdk.js:1:673
c@https://cookie-cdn.cookiepro.com/scripttemplates/6.38.0/otBannerSdk.js:1:452
Or.prototype.windowLoadBanner@https://cookie-cdn.cookiepro.com/scripttemplates/6.38.0/otBannerSdk.js:1:351608
r@https://cookie-cdn.cookiepro.com/scripttemplates/6.38.0/otBannerSdk.js:1:57662
jt.prototype.trigger@https://cookie-cdn.cookiepro.com/scripttemplates/6.38.0/otBannerSdk.js:1:57814
Ho.prototype.loadBanner@https://cookie-cdn.cookiepro.com/scripttemplates/6.38.0/otBannerSdk.js:1:129563
qr.prototype.LoadBanner@https://cookie-cdn.cookiepro.com/scripttemplates/6.38.0/otBannerSdk.js:1:355393
@https://cookie-cdn.cookiepro.com/scripttemplates/6.38.0/otBannerSdk.js:1:377809
C/t/</<@https://cookie-cdn.cookiepro.com/scripttemplates/6.38.0/otBannerSdk.js:1:1630
C/t/<@https://cookie-cdn.cookiepro.com/scripttemplates/6.38.0/otBannerSdk.js:1:1735
o@https://cookie-cdn.cookiepro.com/scripttemplates/6.38.0/otBannerSdk.js:1:506

Dynamically enable window occlusion 1
